<?xml version="1.0" encoding="UTF-8"?>
<!-- Generated by org.testng.reporters.JUnitReportReporter -->
<testsuite hostname="DESKTOP-ENRTSMA" failures="0" tests="3" name="saucedemo.tests.ProductListPageTest" time="10.823" errors="0" timestamp="25 Nov 2023 16:46:31 GMT" skipped="0">
  <testcase classname="saucedemo.tests.ProductListPageTest" name="testToVerifyPageHeader" time="3.623"/>
  <testcase classname="saucedemo.tests.ProductListPageTest" name="testToVerifyFooterNote" time="3.512"/>
  <testcase classname="saucedemo.tests.ProductListPageTest" name="testToVerifyProductDetailsPageIsDisplayed" time="3.688"/>
</testsuite> <!-- saucedemo.tests.ProductListPageTest -->
