<?xml version="1.0" encoding="UTF-8"?>
<!-- Generated by org.testng.reporters.JUnitReportReporter -->
<testsuite hostname="DESKTOP-ENRTSMA" failures="0" tests="4" name="saucedemo.tests.LoginPageTest" time="12.202" errors="0" timestamp="25 Nov 2023 16:46:31 GMT" skipped="1">
  <testcase classname="saucedemo.tests.LoginPageTest" name="testLoginWithValidCredentials" time="5.201"/>
  <testcase classname="saucedemo.tests.LoginPageTest" name="testLoginWithInvalidCredentials" time="3.561"/>
  <testcase classname="saucedemo.tests.LoginPageTest" name="testLoginWithLockedCredentials" time="3.440"/>
  <testcase classname="saucedemo.tests.LoginPageTest" name="testLoginWithBlankCredentials">
    <skipped/>
  </testcase> <!-- testLoginWithBlankCredentials -->
</testsuite> <!-- saucedemo.tests.LoginPageTest -->
