<?xml version="1.0" encoding="UTF-8"?>
<!-- Generated by org.testng.reporters.JUnitReportReporter -->
<testsuite hostname="DESKTOP-ENRTSMA" failures="0" tests="4" name="saucedemo.tests.ProductDetailsPageTest" time="14.995" errors="0" timestamp="25 Nov 2023 16:46:31 GMT" skipped="0">
  <testcase classname="saucedemo.tests.ProductDetailsPageTest" name="testToVerifyProductNameOnProductDetailsPage" time="3.648"/>
  <testcase classname="saucedemo.tests.ProductDetailsPageTest" name="testToVerifyProductDescriptionOnProductDetailsPage" time="3.854"/>
  <testcase classname="saucedemo.tests.ProductDetailsPageTest" name="testToVerifyProductPriceOnProductDetailsPage" time="3.522"/>
  <testcase classname="saucedemo.tests.ProductDetailsPageTest" name="testToVerifyProductListPageIsDisplayedonClickingBackToProductsLink" time="3.971"/>
</testsuite> <!-- saucedemo.tests.ProductDetailsPageTest -->
