<?xml version="1.0" encoding="UTF-8"?>
<!-- Generated by org.testng.reporters.JUnitReportReporter -->
<testsuite hostname="DESKTOP-ENRTSMA" failures="0" tests="2" name="saucedemo.tests.LogoutTest" time="9.044" errors="0" timestamp="25 Nov 2023 16:46:31 GMT" skipped="0">
  <testcase classname="saucedemo.tests.LogoutTest" name="testToLogoutFromProductListPage" time="4.411"/>
  <testcase classname="saucedemo.tests.LogoutTest" name="testToLogoutFromProductDetailsPage" time="4.633"/>
</testsuite> <!-- saucedemo.tests.LogoutTest -->
